This is pdfTeX, Version 3.14159265-2.6-1.40.16 (TeX Live 2015/Debian) (preloaded format=pdflatex 2017.7.26)  26 JUL 2017 11:17
entering extended mode
 restricted \write18 enabled.
 %&-line parsing enabled.
**conference_071817.tex
(./conference_071817.tex
LaTeX2e <2016/02/01>
Babel <3.9q> and hyphenation patterns for 3 language(s) loaded.

! LaTeX Error: File `IEEEtran.cls' not found.

Type X to quit or <RETURN> to proceed,
or enter new name. (Default extension: cls)

Enter file name: 
! Emergency stop.
<read *> 
         
l.2 \IEEEoverridecommandlockouts
                                ^^M
End of file on the terminal!

 
Here is how much of TeX's memory you used:
 11 strings out of 494953
 262 string characters out of 6180977
 45171 words of memory out of 5000000
 3394 multiletter control sequences out of 15000+600000
 3640 words of font info for 14 fonts, out of 8000000 for 9000
 14 hyphenation exceptions out of 8191
 10i,0n,7p,70b,8s stack positions out of 5000i,500n,10000p,200000b,80000s
!  ==> Fatal error occurred, no output PDF file produced!
